#
# A fatal error has been detected by the Java Runtime Environment:
#
#  EXCEPTION_ACCESS_VIOLATION (0xc0000005) at pc=0x000001e920191066, pid=12788, tid=0x0000000000003230
#
# JRE version: OpenJDK Runtime Environment (8.0_402-b06) (build 1.8.0_402-b06)
# Java VM: OpenJDK 64-Bit Server VM (25.402-b06 mixed mode windows-amd64 compressed oops)
# Problematic frame:
# C  [OpenAL64.dll+0x11066]
#
# Failed to write core dump. Minidumps are not enabled by default on client versions of Windows
#
# If you would like to submit a bug report, please visit:
#   https://github.com/adoptium/adoptium-support/issues
# The crash happened outside the Java Virtual Machine in native code.
# See problematic frame for where to report the bug.
#

---------------  T H R E A D  ---------------

Current thread (0x000001e97ebea000):  JavaThread "main" [_thread_in_native, id=12848, stack(0x0000005f30a00000,0x0000005f30b00000)]

siginfo: ExceptionCode=0xc0000005, reading address 0x000001e91e3ec004

Registers:
RAX=0x0000000000000004, RBX=0x000001e921aa0090, RCX=0x000001e91e3ec008, RDX=0x000001e91e3ec004
RSP=0x0000005f30afce00, RBP=0x00000000000000ff, RSI=0x000001e91e3e186c, RDI=0x0000000000000000
R8 =0x00000000000029e6, R9 =0x000001e91e3e186c, R10=0x000001e901429622, R11=0x00000000673b8ff0
R12=0x0000000000000001, R13=0x000001e920318b20, R14=0x0000005f30afcfa0, R15=0x000001e97ebea000
RIP=0x000001e920191066, EFLAGS=0x0000000000010202

Top of Stack: (sp=0x0000005f30afce00)
0x0000005f30afce00:   0000000000000000 000001e97ebea000
0x0000005f30afce10:   0000005f30afcfa0 000001e920318b20
0x0000005f30afce20:   000001e920318b20 0000000000000000
0x0000005f30afce30:   000001e97ebea000 0000000000000000
0x0000005f30afce40:   0000005f30afcf68 000000006724f2bb
0x0000005f30afce50:   0000005f30afce80 000001e90146a2d3
0x0000005f30afce60:   000001e97ebb6640 000001e97ebea7e0
0x0000005f30afce70:   000001e97ebea000 0000005f30afcfa0
0x0000005f30afce80:   000001e920318b20 0000000000000000
0x0000005f30afce90:   000001e91e3e186c 0000000000000248
0x0000005f30afcea0:   0000005f30afcf68 000001e92019248f
0x0000005f30afceb0:   000001e921aa0090 000001e921aa0090
0x0000005f30afcec0:   000001e90000ac44 000001e900000004
0x0000005f30afced0:   000001e901417bd0 000001e90142964e
0x0000005f30afcee0:   000001e920318b20 0000000000000248
0x0000005f30afcef0:   000001e901417bd0 000001e90142935b 

Instructions: (pc=0x000001e920191066)
0x000001e920191046:   41 2b ec 81 3a 03 00 02 00 75 09 8b 01 89 84 24
0x000001e920191056:   c8 00 00 00 49 83 c0 02 48 83 c1 08 4a 8d 14 86
0x000001e920191066:   39 3a 75 af 4c 8d 84 24 c0 00 00 00 48 8d 15 d7
0x000001e920191076:   2b 03 00 33 c9 e8 58 5f 00 00 b8 40 1f 00 00 4c 


Register to memory mapping:

RAX=0x0000000000000004 is an unknown value
RBX=0x000001e921aa0090 is an unknown value
RCX=0x000001e91e3ec008 is an unknown value
RDX=0x000001e91e3ec004 is an unknown value
RSP=0x0000005f30afce00 is pointing into the stack for thread: 0x000001e97ebea000
RBP=0x00000000000000ff is an unknown value
RSI=0x000001e91e3e186c is an unknown value
RDI=0x0000000000000000 is an unknown value
R8 =0x00000000000029e6 is an unknown value
R9 =0x000001e91e3e186c is an unknown value
R10=0x000001e901429622 is at code_begin+962 in an Interpreter codelet
method entry point (kind = native)  [0x000001e901429260, 0x000001e901429d00]  2720 bytes
R11=0x00000000673b8ff0 is an unknown value
R12=0x0000000000000001 is an unknown value
R13={method} {0x000001e920318b28} 'nalcCreateContext' '(JJ)J' in 'org/lwjgl/openal/ALC10'
R14=0x0000005f30afcfa0 is pointing into the stack for thread: 0x000001e97ebea000
R15=0x000001e97ebea000 is a thread


Stack: [0x0000005f30a00000,0x0000005f30b00000],  sp=0x0000005f30afce00,  free space=1011k
Native frames: (J=compiled Java code, j=interpreted, Vv=VM code, C=native code)
C  [OpenAL64.dll+0x11066]
C  [OpenAL64.dll+0x1248f]
C  0x000001e90142964e

Java frames: (J=compiled Java code, j=interpreted, Vv=VM code)
j  org.lwjgl.openal.ALC10.nalcCreateContext(JJ)J+0
j  org.lwjgl.openal.ALC10.alcCreateContext(Lorg/lwjgl/openal/ALCdevice;Ljava/nio/IntBuffer;)Lorg/lwjgl/openal/ALCcontext;+8
j  org.lwjgl.openal.AL.init(Ljava/lang/String;IIZZ)V+69
j  org.lwjgl.openal.AL.create(Ljava/lang/String;IIZZ)V+246
j  org.lwjgl.openal.AL.create(Ljava/lang/String;IIZ)V+5
j  org.lwjgl.openal.AL.create()V+6
j  com.badlogic.gdx.backends.lwjgl.audio.OpenALAudio.<init>(III)V+114
j  com.badlogic.gdx.backends.lwjgl.LwjglApplication.<init>(Lcom/badlogic/gdx/ApplicationListener;Lcom/badlogic/gdx/backends/lwjgl/LwjglApplicationConfiguration;Lcom/badlogic/gdx/backends/lwjgl/LwjglGraphics;)V+120
j  com.badlogic.gdx.backends.lwjgl.LwjglApplication.<init>(Lcom/badlogic/gdx/ApplicationListener;Lcom/badlogic/gdx/backends/lwjgl/LwjglApplicationConfiguration;)V+11
j  org.uqbar.project.wollok.game.gameboard.WollokGDXApplication.<init>(Lorg/uqbar/project/wollok/game/gameboard/Gameboard;Ljava/lang/Boolean;)V+17
j  org.uqbar.project.wollok.game.helpers.Application.start(Lorg/uqbar/project/wollok/game/gameboard/Gameboard;Ljava/lang/Boolean;)V+5
j  org.uqbar.project.wollok.game.gameboard.Gameboard.start(Ljava/lang/Boolean;)V+13
j  wollok.game.GameObject.doStart(Ljava/lang/Boolean;)V+12
v  ~StubRoutines::call_stub
j  sun.reflect.NativeMethodAccessorImpl.invoke0(Ljava/lang/reflect/Method;Ljava/lang/Object;[Ljava/lang/Object;)Ljava/lang/Object;+0
j  sun.reflect.NativeMethodAccessorImpl.invoke(Ljava/lang/Object;[Ljava/lang/Object;)Ljava/lang/Object;+100
J 2645 C1 sun.reflect.DelegatingMethodAccessorImpl.invoke(Ljava/lang/Object;[Ljava/lang/Object;)Ljava/lang/Object; (10 bytes) @ 0x000001e901c96d4c [0x000001e901c96c40+0x10c]
J 2629 C1 java.lang.reflect.Method.invoke(Ljava/lang/Object;[Ljava/lang/Object;)Ljava/lang/Object; (62 bytes) @ 0x000001e901c8dab4 [0x000001e901c8d6c0+0x3f4]
j  org.uqbar.project.wollok.ui.utils.XTendUtilExtensions.invokeConvertingArgs(Ljava/lang/reflect/Method;Ljava/lang/Object;[Ljava/lang/Object;)Lorg/uqbar/project/wollok/interpreter/core/WollokObject;+261
j  org.uqbar.project.wollok.interpreter.AbstractWollokCallable._invokeNative(Ljava/lang/Object;Ljava/lang/String;[Lorg/uqbar/project/wollok/interpreter/core/WollokObject;)Lorg/uqbar/project/wollok/interpreter/core/WollokObject;+41
j  org.uqbar.project.wollok.interpreter.AbstractWollokCallable.invokeNative(Ljava/lang/Object;Ljava/lang/String;[Lorg/uqbar/project/wollok/interpreter/core/WollokObject;)Lorg/uqbar/project/wollok/interpreter/core/WollokObject;+26
j  org.uqbar.project.wollok.interpreter.AbstractWollokCallable$1.apply()Lorg/uqbar/project/wollok/interpreter/core/WollokObject;+55
j  org.uqbar.project.wollok.interpreter.AbstractWollokCallable$1.apply()Ljava/lang/Object;+1
j  org.uqbar.project.wollok.interpreter.threads.WThread.performOnStack(Lorg/eclipse/emf/ecore/EObject;Lorg/uqbar/project/wollok/interpreter/context/EvaluationContext;Lorg/eclipse/xtext/xbase/lib/Functions$Function0;)Lorg/uqbar/project/wollok/interpreter/core/WollokObject;+29
j  org.uqbar.project.wollok.interpreter.WollokInterpreter.performOnStack(Lorg/eclipse/emf/ecore/EObject;Lorg/uqbar/project/wollok/interpreter/context/EvaluationContext;Lorg/eclipse/xtext/xbase/lib/Functions$Function0;)Lorg/uqbar/project/wollok/interpreter/core/WollokObject;+7
j  org.uqbar.project.wollok.interpreter.AbstractWollokCallable.call(Lorg/uqbar/project/wollok/wollokDsl/WMethodDeclaration;[Lorg/uqbar/project/wollok/interpreter/core/WollokObject;)Lorg/uqbar/project/wollok/interpreter/core/WollokObject;+38
j  org.uqbar.project.wollok.interpreter.core.WollokObject.call(Ljava/lang/String;[Lorg/uqbar/project/wollok/interpreter/core/WollokObject;)Lorg/uqbar/project/wollok/interpreter/core/WollokObject;+55
j  org.uqbar.project.wollok.interpreter.WollokInterpreterEvaluator._evaluate(Lorg/uqbar/project/wollok/wollokDsl/WFeatureCall;)Lorg/uqbar/project/wollok/interpreter/core/WollokObject;+119
j  org.uqbar.project.wollok.launch.WollokLauncherInterpreterEvaluator.evaluate(Lorg/eclipse/emf/ecore/EObject;)Lorg/uqbar/project/wollok/interpreter/core/WollokObject;+412
j  org.uqbar.project.wollok.interpreter.WollokInterpreterEvaluator.evaluate(Lorg/eclipse/emf/ecore/EObject;)Ljava/lang/Object;+2
j  org.uqbar.project.wollok.interpreter.WollokInterpreter.eval(Lorg/eclipse/emf/ecore/EObject;)Lorg/uqbar/project/wollok/interpreter/core/WollokObject;+63
j  org.uqbar.project.wollok.interpreter.WollokInterpreterEvaluator.eval(Lorg/eclipse/emf/ecore/EObject;)Lorg/uqbar/project/wollok/interpreter/core/WollokObject;+5
j  org.uqbar.project.wollok.interpreter.WollokInterpreterEvaluator$1.apply(Lorg/uqbar/project/wollok/interpreter/core/WollokObject;Lorg/eclipse/emf/ecore/EObject;)Lorg/uqbar/project/wollok/interpreter/core/WollokObject;+5
j  org.uqbar.project.wollok.interpreter.WollokInterpreterEvaluator$1.apply(Ljava/lang/Object;Ljava/lang/Object;)Ljava/lang/Object;+9
j  org.eclipse.xtext.xbase.lib.IteratorExtensions.fold(Ljava/util/Iterator;Ljava/lang/Object;Lorg/eclipse/xtext/xbase/lib/Functions$Function2;)Ljava/lang/Object;+19
j  org.eclipse.xtext.xbase.lib.IterableExtensions.fold(Ljava/lang/Iterable;Ljava/lang/Object;Lorg/eclipse/xtext/xbase/lib/Functions$Function2;)Ljava/lang/Object;+8
j  org.uqbar.project.wollok.interpreter.WollokInterpreterEvaluator.evalAll(Ljava/lang/Iterable;)Lorg/uqbar/project/wollok/interpreter/core/WollokObject;+12
j  org.uqbar.project.wollok.interpreter.WollokInterpreterEvaluator._evaluate(Lorg/uqbar/project/wollok/wollokDsl/WBlockExpression;)Lorg/uqbar/project/wollok/interpreter/core/WollokObject;+34
j  org.uqbar.project.wollok.launch.WollokLauncherInterpreterEvaluator.evaluate(Lorg/eclipse/emf/ecore/EObject;)Lorg/uqbar/project/wollok/interpreter/core/WollokObject;+76
j  org.uqbar.project.wollok.interpreter.WollokInterpreterEvaluator.evaluate(Lorg/eclipse/emf/ecore/EObject;)Ljava/lang/Object;+2
j  org.uqbar.project.wollok.interpreter.WollokInterpreter.eval(Lorg/eclipse/emf/ecore/EObject;)Lorg/uqbar/project/wollok/interpreter/core/WollokObject;+63
j  org.uqbar.project.wollok.interpreter.AbstractWollokCallable.eval(Lorg/eclipse/emf/ecore/EObject;)Lorg/uqbar/project/wollok/interpreter/core/WollokObject;+5
j  org.uqbar.project.wollok.interpreter.AbstractWollokCallable$1.apply()Lorg/uqbar/project/wollok/interpreter/core/WollokObject;+110
j  org.uqbar.project.wollok.interpreter.AbstractWollokCallable$1.apply()Ljava/lang/Object;+1
j  org.uqbar.project.wollok.interpreter.threads.WThread.performOnStack(Lorg/eclipse/emf/ecore/EObject;Lorg/uqbar/project/wollok/interpreter/context/EvaluationContext;Lorg/eclipse/xtext/xbase/lib/Functions$Function0;)Lorg/uqbar/project/wollok/interpreter/core/WollokObject;+29
j  org.uqbar.project.wollok.interpreter.WollokInterpreter.performOnStack(Lorg/eclipse/emf/ecore/EObject;Lorg/uqbar/project/wollok/interpreter/context/EvaluationContext;Lorg/eclipse/xtext/xbase/lib/Functions$Function0;)Lorg/uqbar/project/wollok/interpreter/core/WollokObject;+7
j  org.uqbar.project.wollok.interpreter.AbstractWollokCallable.call(Lorg/uqbar/project/wollok/wollokDsl/WMethodDeclaration;[Lorg/uqbar/project/wollok/interpreter/core/WollokObject;)Lorg/uqbar/project/wollok/interpreter/core/WollokObject;+38
j  org.uqbar.project.wollok.interpreter.core.WollokObject.call(Ljava/lang/String;[Lorg/uqbar/project/wollok/interpreter/core/WollokObject;)Lorg/uqbar/project/wollok/interpreter/core/WollokObject;+55
j  org.uqbar.project.wollok.interpreter.WollokInterpreterEvaluator._evaluate(Lorg/uqbar/project/wollok/wollokDsl/WFeatureCall;)Lorg/uqbar/project/wollok/interpreter/core/WollokObject;+119
j  org.uqbar.project.wollok.launch.WollokLauncherInterpreterEvaluator.evaluate(Lorg/eclipse/emf/ecore/EObject;)Lorg/uqbar/project/wollok/interpreter/core/WollokObject;+412
j  org.uqbar.project.wollok.interpreter.WollokInterpreterEvaluator.evaluate(Lorg/eclipse/emf/ecore/EObject;)Ljava/lang/Object;+2
j  org.uqbar.project.wollok.interpreter.WollokInterpreter.eval(Lorg/eclipse/emf/ecore/EObject;)Lorg/uqbar/project/wollok/interpreter/core/WollokObject;+63
j  org.uqbar.project.wollok.interpreter.WollokInterpreterEvaluator.eval(Lorg/eclipse/emf/ecore/EObject;)Lorg/uqbar/project/wollok/interpreter/core/WollokObject;+5
j  org.uqbar.project.wollok.interpreter.WollokInterpreterEvaluator$1.apply(Lorg/uqbar/project/wollok/interpreter/core/WollokObject;Lorg/eclipse/emf/ecore/EObject;)Lorg/uqbar/project/wollok/interpreter/core/WollokObject;+5
j  org.uqbar.project.wollok.interpreter.WollokInterpreterEvaluator$1.apply(Ljava/lang/Object;Ljava/lang/Object;)Ljava/lang/Object;+9
j  org.eclipse.xtext.xbase.lib.IteratorExtensions.fold(Ljava/util/Iterator;Ljava/lang/Object;Lorg/eclipse/xtext/xbase/lib/Functions$Function2;)Ljava/lang/Object;+19
j  org.eclipse.xtext.xbase.lib.IterableExtensions.fold(Ljava/lang/Iterable;Ljava/lang/Object;Lorg/eclipse/xtext/xbase/lib/Functions$Function2;)Ljava/lang/Object;+8
j  org.uqbar.project.wollok.interpreter.WollokInterpreterEvaluator.evalAll(Ljava/lang/Iterable;)Lorg/uqbar/project/wollok/interpreter/core/WollokObject;+12
j  org.uqbar.project.wollok.interpreter.WollokInterpreterEvaluator._evaluate(Lorg/uqbar/project/wollok/wollokDsl/WProgram;)Lorg/uqbar/project/wollok/interpreter/core/WollokObject;+18
j  org.uqbar.project.wollok.launch.WollokLauncherInterpreterEvaluator.evaluate(Lorg/eclipse/emf/ecore/EObject;)Lorg/uqbar/project/wollok/interpreter/core/WollokObject;+444
j  org.uqbar.project.wollok.interpreter.WollokInterpreterEvaluator.evaluate(Lorg/eclipse/emf/ecore/EObject;)Ljava/lang/Object;+2
j  org.uqbar.project.wollok.interpreter.WollokInterpreter.eval(Lorg/eclipse/emf/ecore/EObject;)Lorg/uqbar/project/wollok/interpreter/core/WollokObject;+63
j  org.uqbar.project.wollok.interpreter.WollokInterpreterEvaluator.eval(Lorg/eclipse/emf/ecore/EObject;)Lorg/uqbar/project/wollok/interpreter/core/WollokObject;+5
j  org.uqbar.project.wollok.launch.WollokLauncherInterpreterEvaluator._evaluate(Lorg/uqbar/project/wollok/wollokDsl/WFile;)Lorg/uqbar/project/wollok/interpreter/core/WollokObject;+32
j  org.uqbar.project.wollok.launch.WollokLauncherInterpreterEvaluator.evaluate(Lorg/eclipse/emf/ecore/EObject;)Lorg/uqbar/project/wollok/interpreter/core/WollokObject;+428
j  org.uqbar.project.wollok.interpreter.WollokInterpreterEvaluator.evaluate(Lorg/eclipse/emf/ecore/EObject;)Ljava/lang/Object;+2
j  org.uqbar.project.wollok.interpreter.WollokInterpreter.interpret(Lorg/eclipse/emf/ecore/EObject;Ljava/lang/Boolean;)Lorg/uqbar/project/wollok/interpreter/core/WollokObject;+25
j  org.uqbar.project.wollok.interpreter.WollokInterpreter.interpret(Lorg/eclipse/emf/ecore/EObject;)Lorg/uqbar/project/wollok/interpreter/core/WollokObject;+8
j  org.uqbar.project.wollok.launch.WollokLauncher.doSomething(Lorg/uqbar/project/wollok/wollokDsl/WFile;Lcom/google/inject/Injector;Ljava/io/File;Lorg/uqbar/project/wollok/launch/WollokLauncherParameters;)V+109
j  org.uqbar.project.wollok.launch.WollokChecker.launch(Ljava/lang/String;Lorg/uqbar/project/wollok/launch/WollokLauncherParameters;)V+31
j  org.uqbar.project.wollok.launch.WollokChecker.doMain([Ljava/lang/String;)V+205
j  org.uqbar.project.wollok.launch.WollokLauncher.main([Ljava/lang/String;)V+8
v  ~StubRoutines::call_stub

---------------  P R O C E S S  ---------------

Java Threads: ( => current thread )
  0x000001e91c82c800 JavaThread "com.google.inject.internal.util.$Finalizer" daemon [_thread_blocked, id=11940, stack(0x0000005f32100000,0x0000005f32200000)]
  0x000001e91c8b9000 JavaThread "EMF Reference Cleaner" daemon [_thread_blocked, id=16816, stack(0x0000005f32000000,0x0000005f32100000)]
  0x000001e9195dd000 JavaThread "Service Thread" daemon [_thread_blocked, id=18096, stack(0x0000005f31e00000,0x0000005f31f00000)]
  0x000001e9195d7000 JavaThread "C1 CompilerThread3" daemon [_thread_blocked, id=7120, stack(0x0000005f31d00000,0x0000005f31e00000)]
  0x000001e9195c8800 JavaThread "C2 CompilerThread2" daemon [_thread_in_native, id=18276, stack(0x0000005f31c00000,0x0000005f31d00000)]
  0x000001e9195c5800 JavaThread "C2 CompilerThread1" daemon [_thread_blocked, id=17292, stack(0x0000005f31b00000,0x0000005f31c00000)]
  0x000001e9195cc000 JavaThread "C2 CompilerThread0" daemon [_thread_blocked, id=2860, stack(0x0000005f31a00000,0x0000005f31b00000)]
  0x000001e9195bf800 JavaThread "Attach Listener" daemon [_thread_blocked, id=14888, stack(0x0000005f31900000,0x0000005f31a00000)]
  0x000001e9195be800 JavaThread "Signal Dispatcher" daemon [_thread_blocked, id=9008, stack(0x0000005f31800000,0x0000005f31900000)]
  0x000001e91958a800 JavaThread "Finalizer" daemon [_thread_blocked, id=5784, stack(0x0000005f31700000,0x0000005f31800000)]
  0x000001e919583800 JavaThread "Reference Handler" daemon [_thread_blocked, id=18596, stack(0x0000005f31600000,0x0000005f31700000)]
=>0x000001e97ebea000 JavaThread "main" [_thread_in_native, id=12848, stack(0x0000005f30a00000,0x0000005f30b00000)]

Other Threads:
  0x000001e91955a800 VMThread [stack: 0x0000005f31500000,0x0000005f31600000] [id=17184]
  0x000001e91bac5000 WatcherThread [stack: 0x0000005f31f00000,0x0000005f32000000] [id=16676]

VM state:not at safepoint (normal execution)

VM Mutex/Monitor currently owned by a thread: None

heap address: 0x00000006ca000000, size: 3936 MB, Compressed Oops mode: Zero based, Oop shift amount: 3
Narrow klass base: 0x0000000000000000, Narrow klass shift: 3
Compressed class space size: 1073741824 Address: 0x00000007c0000000

Heap:
 PSYoungGen      total 137216K, used 10854K [0x000000076e000000, 0x000000077ec00000, 0x00000007c0000000)
  eden space 126976K, 8% used [0x000000076e000000,0x000000076ea99978,0x0000000775c00000)
  from space 10240K, 0% used [0x0000000775c00000,0x0000000775c00000,0x0000000776600000)
  to   space 10240K, 0% used [0x000000077e200000,0x000000077e200000,0x000000077ec00000)
 ParOldGen       total 124416K, used 17665K [0x00000006ca000000, 0x00000006d1980000, 0x000000076e000000)
  object space 124416K, 14% used [0x00000006ca000000,0x00000006cb140730,0x00000006d1980000)
 Metaspace       used 21870K, capacity 22196K, committed 22400K, reserved 1069056K
  class space    used 2765K, capacity 2860K, committed 2944K, reserved 1048576K

Card table byte_map: [0x000001e97f5b0000,0x000001e97fd70000] byte_map_base: 0x000001e97bf60000

Marking Bits: (ParMarkBitMap*) 0x0000000067990850
 Begin Bits: [0x000001e910930000, 0x000001e9146b0000)
 End Bits:   [0x000001e9146b0000, 0x000001e918430000)

Polling page: 0x000001e97edc0000

CodeCache: size=245760Kb used=10130Kb max_used=10156Kb free=235630Kb
 bounds [0x000001e901410000, 0x000001e901e10000, 0x000001e910410000]
 total_blobs=3673 nmethods=3220 adapters=365
 compilation: enabled

Compilation events (10 events):
Event: 1.439 Thread 0x000001e9195cc000 nmethod 2815 0x000001e901dec350 code [0x000001e901decd80, 0x000001e901df2d20]
Event: 1.439 Thread 0x000001e9195c5800 nmethod 2786 0x000001e901de0ad0 code [0x000001e901de0c20, 0x000001e901de0eb8]
Event: 1.440 Thread 0x000001e9195d7000 3218       3       java.nio.DirectByteBuffer::put (18 bytes)
Event: 1.440 Thread 0x000001e9195d7000 nmethod 3218 0x000001e901ddff90 code [0x000001e901de0100, 0x000001e901de0378]
Event: 1.440 Thread 0x000001e9195d7000 3219       3       java.nio.DirectByteBuffer::ix (10 bytes)
Event: 1.441 Thread 0x000001e9195d7000 nmethod 3219 0x000001e901dd1c50 code [0x000001e901dd1da0, 0x000001e901dd1ef8]
Event: 1.441 Thread 0x000001e9195d7000 3221       3       java.nio.DirectByteBuffer::put (18 bytes)
Event: 1.441 Thread 0x000001e9195d7000 nmethod 3221 0x000001e901dd1750 code [0x000001e901dd18c0, 0x000001e901dd1b38]
Event: 1.441 Thread 0x000001e9195d7000 3222       1       java.nio.DirectByteBuffer::ix (10 bytes)
Event: 1.441 Thread 0x000001e9195d7000 nmethod 3222 0x000001e901dd1490 code [0x000001e901dd15e0, 0x000001e901dd16f8]

GC Heap History (8 events):
Event: 0.458 GC heap before
{Heap before GC invocations=1 (full 0):
 PSYoungGen      total 73728K, used 63488K [0x000000076e000000, 0x0000000773200000, 0x00000007c0000000)
  eden space 63488K, 100% used [0x000000076e000000,0x0000000771e00000,0x0000000771e00000)
  from space 10240K, 0% used [0x0000000772800000,0x0000000772800000,0x0000000773200000)
  to   space 10240K, 0% used [0x0000000771e00000,0x0000000771e00000,0x0000000772800000)
 ParOldGen       total 167936K, used 0K [0x00000006ca000000, 0x00000006d4400000, 0x000000076e000000)
  object space 167936K, 0% used [0x00000006ca000000,0x00000006ca000000,0x00000006d4400000)
 Metaspace       used 10179K, capacity 10328K, committed 10624K, reserved 1058816K
  class space    used 1213K, capacity 1288K, committed 1408K, reserved 1048576K
Event: 0.464 GC heap after
Heap after GC invocations=1 (full 0):
 PSYoungGen      total 73728K, used 10217K [0x000000076e000000, 0x0000000777000000, 0x00000007c0000000)
  eden space 63488K, 0% used [0x000000076e000000,0x000000076e000000,0x0000000771e00000)
  from space 10240K, 99% used [0x0000000771e00000,0x00000007727fa5c0,0x0000000772800000)
  to   space 10240K, 0% used [0x0000000776600000,0x0000000776600000,0x0000000777000000)
 ParOldGen       total 167936K, used 3709K [0x00000006ca000000, 0x00000006d4400000, 0x000000076e000000)
  object space 167936K, 2% used [0x00000006ca000000,0x00000006ca39f530,0x00000006d4400000)
 Metaspace       used 10179K, capacity 10328K, committed 10624K, reserved 1058816K
  class space    used 1213K, capacity 1288K, committed 1408K, reserved 1048576K
}
Event: 0.873 GC heap before
{Heap before GC invocations=2 (full 0):
 PSYoungGen      total 73728K, used 73705K [0x000000076e000000, 0x0000000777000000, 0x00000007c0000000)
  eden space 63488K, 100% used [0x000000076e000000,0x0000000771e00000,0x0000000771e00000)
  from space 10240K, 99% used [0x0000000771e00000,0x00000007727fa5c0,0x0000000772800000)
  to   space 10240K, 0% used [0x0000000776600000,0x0000000776600000,0x0000000777000000)
 ParOldGen       total 167936K, used 3709K [0x00000006ca000000, 0x00000006d4400000, 0x000000076e000000)
  object space 167936K, 2% used [0x00000006ca000000,0x00000006ca39f530,0x00000006d4400000)
 Metaspace       used 16972K, capacity 17210K, committed 17408K, reserved 1064960K
  class space    used 2145K, capacity 2227K, committed 2304K, reserved 1048576K
Event: 0.882 GC heap after
Heap after GC invocations=2 (full 0):
 PSYoungGen      total 137216K, used 10224K [0x000000076e000000, 0x0000000777000000, 0x00000007c0000000)
  eden space 126976K, 0% used [0x000000076e000000,0x000000076e000000,0x0000000775c00000)
  from space 10240K, 99% used [0x0000000776600000,0x0000000776ffc040,0x0000000777000000)
  to   space 10240K, 0% used [0x0000000775c00000,0x0000000775c00000,0x0000000776600000)
 ParOldGen       total 167936K, used 11773K [0x00000006ca000000, 0x00000006d4400000, 0x000000076e000000)
  object space 167936K, 7% used [0x00000006ca000000,0x00000006cab7f788,0x00000006d4400000)
 Metaspace       used 16972K, capacity 17210K, committed 17408K, reserved 1064960K
  class space    used 2145K, capacity 2227K, committed 2304K, reserved 1048576K
}
Event: 1.302 GC heap before
{Heap before GC invocations=3 (full 0):
 PSYoungGen      total 137216K, used 61290K [0x000000076e000000, 0x0000000777000000, 0x00000007c0000000)
  eden space 126976K, 40% used [0x000000076e000000,0x00000007711deb68,0x0000000775c00000)
  from space 10240K, 99% used [0x0000000776600000,0x0000000776ffc040,0x0000000777000000)
  to   space 10240K, 0% used [0x0000000775c00000,0x0000000775c00000,0x0000000776600000)
 ParOldGen       total 167936K, used 11773K [0x00000006ca000000, 0x00000006d4400000, 0x000000076e000000)
  object space 167936K, 7% used [0x00000006ca000000,0x00000006cab7f788,0x00000006d4400000)
 Metaspace       used 20864K, capacity 21102K, committed 21248K, reserved 1067008K
  class space    used 2652K, capacity 2731K, committed 2816K, reserved 1048576K
Event: 1.310 GC heap after
Heap after GC invocations=3 (full 0):
 PSYoungGen      total 137216K, used 10225K [0x000000076e000000, 0x000000077ec00000, 0x00000007c0000000)
  eden space 126976K, 0% used [0x000000076e000000,0x000000076e000000,0x0000000775c00000)
  from space 10240K, 99% used [0x0000000775c00000,0x00000007765fc588,0x0000000776600000)
  to   space 10240K, 0% used [0x000000077e200000,0x000000077e200000,0x000000077ec00000)
 ParOldGen       total 167936K, used 17645K [0x00000006ca000000, 0x00000006d4400000, 0x000000076e000000)
  object space 167936K, 10% used [0x00000006ca000000,0x00000006cb13b6c0,0x00000006d4400000)
 Metaspace       used 20864K, capacity 21102K, committed 21248K, reserved 1067008K
  class space    used 2652K, capacity 2731K, committed 2816K, reserved 1048576K
}
Event: 1.310 GC heap before
{Heap before GC invocations=4 (full 1):
 PSYoungGen      total 137216K, used 10225K [0x000000076e000000, 0x000000077ec00000, 0x00000007c0000000)
  eden space 126976K, 0% used [0x000000076e000000,0x000000076e000000,0x0000000775c00000)
  from space 10240K, 99% used [0x0000000775c00000,0x00000007765fc588,0x0000000776600000)
  to   space 10240K, 0% used [0x000000077e200000,0x000000077e200000,0x000000077ec00000)
 ParOldGen       total 167936K, used 17645K [0x00000006ca000000, 0x00000006d4400000, 0x000000076e000000)
  object space 167936K, 10% used [0x00000006ca000000,0x00000006cb13b6c0,0x00000006d4400000)
 Metaspace       used 20864K, capacity 21102K, committed 21248K, reserved 1067008K
  class space    used 2652K, capacity 2731K, committed 2816K, reserved 1048576K
Event: 1.337 GC heap after
Heap after GC invocations=4 (full 1):
 PSYoungGen      total 137216K, used 0K [0x000000076e000000, 0x000000077ec00000, 0x00000007c0000000)
  eden space 126976K, 0% used [0x000000076e000000,0x000000076e000000,0x0000000775c00000)
  from space 10240K, 0% used [0x0000000775c00000,0x0000000775c00000,0x0000000776600000)
  to   space 10240K, 0% used [0x000000077e200000,0x000000077e200000,0x000000077ec00000)
 ParOldGen       total 124416K, used 17665K [0x00000006ca000000, 0x00000006d1980000, 0x000000076e000000)
  object space 124416K, 14% used [0x00000006ca000000,0x00000006cb140730,0x00000006d1980000)
 Metaspace       used 20864K, capacity 21102K, committed 21248K, reserved 1067008K
  class space    used 2652K, capacity 2731K, committed 2816K, reserved 1048576K
}

Deoptimization events (10 events):
Event: 1.236 Thread 0x000001e97ebea000 Uncommon trap: reason=bimorphic action=maybe_recompile pc=0x000001e901cbfb48 method=com.google.common.collect.AbstractIterator.tryToComputeNext()Z @ 9
Event: 1.236 Thread 0x000001e97ebea000 Uncommon trap: reason=bimorphic action=maybe_recompile pc=0x000001e901cbfb48 method=com.google.common.collect.AbstractIterator.tryToComputeNext()Z @ 9
Event: 1.236 Thread 0x000001e97ebea000 Uncommon trap: reason=bimorphic action=maybe_recompile pc=0x000001e901cbfb48 method=com.google.common.collect.AbstractIterator.tryToComputeNext()Z @ 9
Event: 1.236 Thread 0x000001e97ebea000 Uncommon trap: reason=bimorphic action=maybe_recompile pc=0x000001e901cbfb48 method=com.google.common.collect.AbstractIterator.tryToComputeNext()Z @ 9
Event: 1.237 Thread 0x000001e97ebea000 Uncommon trap: reason=unstable_if action=reinterpret pc=0x000001e901ce445c method=org.eclipse.emf.common.notify.impl.NotifierImpl.eAdapters()Lorg/eclipse/emf/common/util/EList; @ 4
Event: 1.239 Thread 0x000001e97ebea000 Uncommon trap: reason=unstable_if action=reinterpret pc=0x000001e901cf4650 method=org.eclipse.emf.common.notify.impl.BasicNotifierImpl$EAdapterList.getAdapterForType(Ljava/lang/Object;)Lorg/eclipse/emf/common/notify/Adapter; @ 50
Event: 1.242 Thread 0x000001e97ebea000 Uncommon trap: reason=unstable_if action=reinterpret pc=0x000001e901ce783c method=org.eclipse.emf.common.notify.impl.BasicNotifierImpl$EAdapterList.getAdapterForType(Ljava/lang/Object;)Lorg/eclipse/emf/common/notify/Adapter; @ 50
Event: 1.384 Thread 0x000001e97ebea000 Uncommon trap: reason=unstable_if action=reinterpret pc=0x000001e90175ede0 method=java.io.WinNTFileSystem.normalize(Ljava/lang/String;)Ljava/lang/String; @ 49
Event: 1.392 Thread 0x000001e97ebea000 Uncommon trap: reason=null_check action=make_not_entrant pc=0x000001e9017a2b28 method=java.lang.StringCoding.deref(Ljava/lang/ThreadLocal;)Ljava/lang/Object; @ 4
Event: 1.395 Thread 0x000001e97ebea000 Uncommon trap: reason=predicate action=maybe_recompile pc=0x000001e90185052c method=java.lang.String.regionMatches(ZILjava/lang/String;II)Z @ 63

Classes redefined (0 events):
No events

Internal exceptions (10 events):
Event: 1.241 Thread 0x000001e97ebea000 Exception <a 'java/io/FileNotFoundException'> (0x00000007708742b0) thrown at [E:\Jenkins\workspace\temp\workspace\build\src\hotspot\src\share\vm\prims\jni.cpp, line 709]
Event: 1.259 Thread 0x000001e97ebea000 Exception <a 'java/lang/reflect/InvocationTargetException'> (0x0000000770a66e58) thrown at [E:\Jenkins\workspace\temp\workspace\build\src\hotspot\src\share\vm\runtime\reflection.cpp, line 1092]
Event: 1.259 Thread 0x000001e97ebea000 Exception <a 'java/lang/reflect/InvocationTargetException'> (0x0000000770a6eac8) thrown at [E:\Jenkins\workspace\temp\workspace\build\src\hotspot\src\share\vm\runtime\reflection.cpp, line 1092]
Event: 1.392 Thread 0x000001e97ebea000 Implicit null exception at 0x000001e9017a2a02 to 0x000001e9017a2b1d
Event: 1.445 Thread 0x000001e97ebea000 Exception <a 'java/security/PrivilegedActionException'> (0x000000076e960c70) thrown at [E:\Jenkins\workspace\temp\workspace\build\src\hotspot\src\share\vm\prims\jvm.cpp, line 1514]
Event: 1.445 Thread 0x000001e97ebea000 Exception <a 'java/security/PrivilegedActionException'> (0x000000076e9621a0) thrown at [E:\Jenkins\workspace\temp\workspace\build\src\hotspot\src\share\vm\prims\jvm.cpp, line 1514]
Event: 1.445 Thread 0x000001e97ebea000 Exception <a 'java/security/PrivilegedActionException'> (0x000000076e9635d0) thrown at [E:\Jenkins\workspace\temp\workspace\build\src\hotspot\src\share\vm\prims\jvm.cpp, line 1514]
Event: 1.445 Thread 0x000001e97ebea000 Exception <a 'java/security/PrivilegedActionException'> (0x000000076e964c90) thrown at [E:\Jenkins\workspace\temp\workspace\build\src\hotspot\src\share\vm\prims\jvm.cpp, line 1514]
Event: 1.445 Thread 0x000001e97ebea000 Exception <a 'java/security/PrivilegedActionException'> (0x000000076e966088) thrown at [E:\Jenkins\workspace\temp\workspace\build\src\hotspot\src\share\vm\prims\jvm.cpp, line 1514]
Event: 1.445 Thread 0x000001e97ebea000 Exception <a 'java/security/PrivilegedActionException'> (0x000000076e967450) thrown at [E:\Jenkins\workspace\temp\workspace\build\src\hotspot\src\share\vm\prims\jvm.cpp, line 1514]

Events (10 events):
Event: 1.459 loading class org/lwjgl/openal/ALCdevice
Event: 1.459 loading class org/lwjgl/openal/ALCdevice done
Event: 1.460 loading class org/lwjgl/openal/ALCcontext
Event: 1.460 loading class org/lwjgl/openal/ALCcontext done
Event: 1.460 loading class java/nio/DirectIntBufferU
Event: 1.460 loading class java/nio/DirectIntBufferU done
Event: 1.460 loading class org/lwjgl/openal/Util
Event: 1.460 loading class org/lwjgl/openal/Util done
Event: 1.460 loading class org/lwjgl/openal/OpenALException
Event: 1.460 loading class org/lwjgl/openal/OpenALException done


Dynamic libraries:
0x00007ff7f7530000 - 0x00007ff7f7581000 	C:\Program Files\Eclipse Adoptium\jdk-8.0.402.6-hotspot\bin\javaw.exe
0x00007ffae8250000 - 0x00007ffae8448000 	C:\Windows\SYSTEM32\ntdll.dll
0x00007ffae6ae0000 - 0x00007ffae6b9d000 	C:\Windows\System32\KERNEL32.DLL
0x00007ffae5f90000 - 0x00007ffae6286000 	C:\Windows\System32\KERNELBASE.dll
0x00007ffae69c0000 - 0x00007ffae6a70000 	C:\Windows\System32\ADVAPI32.dll
0x00007ffae6290000 - 0x00007ffae632e000 	C:\Windows\System32\msvcrt.dll
0x00007ffae79e0000 - 0x00007ffae7a80000 	C:\Windows\System32\sechost.dll
0x00007ffae7f30000 - 0x00007ffae8053000 	C:\Windows\System32\RPCRT4.dll
0x00007ffae5f60000 - 0x00007ffae5f87000 	C:\Windows\System32\bcrypt.dll
0x00007ffae8070000 - 0x00007ffae820f000 	C:\Windows\System32\USER32.dll
0x00007ffae5ab0000 - 0x00007ffae5ad2000 	C:\Windows\System32\win32u.dll
0x00007ffae79b0000 - 0x00007ffae79db000 	C:\Windows\System32\GDI32.dll
0x00007ffae5d90000 - 0x00007ffae5ea7000 	C:\Windows\System32\gdi32full.dll
0x00007ffae5a10000 - 0x00007ffae5aad000 	C:\Windows\System32\msvcp_win.dll
0x00007ffae5910000 - 0x00007ffae5a10000 	C:\Windows\System32\ucrtbase.dll
0x00007fface840000 - 0x00007ffaceada000 	C:\Windows\WinSxS\amd64_microsoft.windows.common-controls_6595b64144ccf1df_6.0.19041.4355_none_60b8b9eb71f62e16\COMCTL32.dll
0x00007ffae6420000 - 0x00007ffae644f000 	C:\Windows\System32\IMM32.DLL
0x00007ffade740000 - 0x00007ffade755000 	C:\Program Files\Eclipse Adoptium\jdk-8.0.402.6-hotspot\jre\bin\vcruntime140.dll
0x00007ffaba1f0000 - 0x00007ffaba28b000 	C:\Program Files\Eclipse Adoptium\jdk-8.0.402.6-hotspot\jre\bin\msvcp140.dll
0x00000000671b0000 - 0x0000000067a09000 	C:\Program Files\Eclipse Adoptium\jdk-8.0.402.6-hotspot\jre\bin\server\jvm.dll
0x00007ffae6600000 - 0x00007ffae6608000 	C:\Windows\System32\PSAPI.DLL
0x00007ffae29a0000 - 0x00007ffae29a9000 	C:\Windows\SYSTEM32\WSOCK32.dll
0x00007ffadd250000 - 0x00007ffadd25a000 	C:\Windows\SYSTEM32\VERSION.dll
0x00007ffadced0000 - 0x00007ffadcef7000 	C:\Windows\SYSTEM32\WINMM.dll
0x00007ffae6a70000 - 0x00007ffae6adb000 	C:\Windows\System32\WS2_32.dll
0x00007ffae3770000 - 0x00007ffae3782000 	C:\Windows\SYSTEM32\kernel.appcore.dll
0x00007ffae1e30000 - 0x00007ffae1e40000 	C:\Program Files\Eclipse Adoptium\jdk-8.0.402.6-hotspot\jre\bin\verify.dll
0x00007ffad93e0000 - 0x00007ffad940b000 	C:\Program Files\Eclipse Adoptium\jdk-8.0.402.6-hotspot\jre\bin\java.dll
0x00007ffada0b0000 - 0x00007ffada0c8000 	C:\Program Files\Eclipse Adoptium\jdk-8.0.402.6-hotspot\jre\bin\zip.dll
0x00007ffae6d70000 - 0x00007ffae74dc000 	C:\Windows\System32\SHELL32.dll
0x00007ffae3970000 - 0x00007ffae410d000 	C:\Windows\SYSTEM32\windows.storage.dll
0x00007ffae7b70000 - 0x00007ffae7ec3000 	C:\Windows\System32\combase.dll
0x00007ffae5180000 - 0x00007ffae51ae000 	C:\Windows\SYSTEM32\Wldp.dll
0x00007ffae6ca0000 - 0x00007ffae6d6d000 	C:\Windows\System32\OLEAUT32.dll
0x00007ffae67e0000 - 0x00007ffae688d000 	C:\Windows\System32\SHCORE.dll
0x00007ffae74e0000 - 0x00007ffae7535000 	C:\Windows\System32\shlwapi.dll
0x00007ffae5840000 - 0x00007ffae5864000 	C:\Windows\SYSTEM32\profapi.dll
0x0000000065580000 - 0x0000000065616000 	C:\Users\ferfo\AppData\Local\Temp\libgdxferfo\12dfaa03\gdx64.dll
0x00007ffae51c0000 - 0x00007ffae51d8000 	C:\Windows\SYSTEM32\CRYPTSP.dll
0x00007ffae48a0000 - 0x00007ffae48d4000 	C:\Windows\system32\rsaenh.dll
0x00007ffae57b0000 - 0x00007ffae57de000 	C:\Windows\SYSTEM32\USERENV.dll
0x00007ffae5ae0000 - 0x00007ffae5b62000 	C:\Windows\System32\bcryptprimitives.dll
0x00007ffae50f0000 - 0x00007ffae50fc000 	C:\Windows\SYSTEM32\CRYPTBASE.dll
0x00007ffad93c0000 - 0x00007ffad93dc000 	C:\Program Files\Eclipse Adoptium\jdk-8.0.402.6-hotspot\jre\bin\net.dll
0x00007ffae4f60000 - 0x00007ffae4fca000 	C:\Windows\system32\mswsock.dll
0x00007ffae4c60000 - 0x00007ffae4c9b000 	C:\Windows\SYSTEM32\IPHLPAPI.DLL
0x00007ffae8060000 - 0x00007ffae8068000 	C:\Windows\System32\NSI.dll
0x00007ffae0650000 - 0x00007ffae0667000 	C:\Windows\SYSTEM32\dhcpcsvc6.DLL
0x00007ffae07d0000 - 0x00007ffae07ed000 	C:\Windows\SYSTEM32\dhcpcsvc.DLL
0x00007ffae4ca0000 - 0x00007ffae4d6a000 	C:\Windows\SYSTEM32\DNSAPI.dll
0x00007ffad93a0000 - 0x00007ffad93b3000 	C:\Program Files\Eclipse Adoptium\jdk-8.0.402.6-hotspot\jre\bin\nio.dll
0x0000000180000000 - 0x0000000180053000 	C:\Users\ferfo\AppData\Local\Temp\libgdxferfo\dc0f0009\lwjgl64.dll
0x00007ffa930e0000 - 0x00007ffa93205000 	C:\Windows\SYSTEM32\OPENGL32.dll
0x00007ffaa8340000 - 0x00007ffaa836c000 	C:\Windows\SYSTEM32\GLU32.dll
0x000001e920180000 - 0x000001e9201e4000 	C:\Users\ferfo\AppData\Local\Temp\libgdxferfo\dc0f0009\OpenAL64.dll
0x00007ffae6890000 - 0x00007ffae69bb000 	C:\Windows\System32\ole32.dll
0x00007ffae3250000 - 0x00007ffae32ee000 	C:\Windows\system32\uxtheme.dll
0x00007ffae6730000 - 0x00007ffae67d9000 	C:\Windows\System32\clbcatq.dll
0x00007ffaba0d0000 - 0x00007ffaba16c000 	C:\Windows\SYSTEM32\dsound.dll
0x00007ffae5380000 - 0x00007ffae53cb000 	C:\Windows\SYSTEM32\powrprof.dll
0x00007fface0e0000 - 0x00007fface106000 	C:\Windows\SYSTEM32\winmmbase.dll
0x00007ffae5360000 - 0x00007ffae5372000 	C:\Windows\SYSTEM32\UMPDC.dll
0x00007ffae0260000 - 0x00007ffae02e5000 	C:\Windows\System32\MMDevApi.dll
0x00007ffae5690000 - 0x00007ffae56c3000 	C:\Windows\System32\DEVOBJ.dll
0x00007ffae5d40000 - 0x00007ffae5d8e000 	C:\Windows\System32\cfgmgr32.dll
0x00007ffac9b60000 - 0x00007ffac9ce1000 	C:\Windows\SYSTEM32\AUDIOSES.DLL
0x00007ffadea30000 - 0x00007ffadec14000 	C:\Windows\SYSTEM32\dbghelp.dll

VM Arguments:
jvm_args: -Duser.language=es_AR -Dfile.encoding=UTF-8 
java_command: org.uqbar.project.wollok.launch.WollokLauncher -requestsPort 0 -eventsPort 0 -folder -dontValidate -coercingStrategy decimals -wf src/juego.wpgm -darkMode
java_class_path (initial): C:\Users\ferfo\git\TPGameIntegrador-los-pjs\bin;C:\Users\ferfo\OneDrive\Escritorio\UNAHUR\Wollok\plugins\com.ibm.icu_64.2.0.v20190507-1337.jar;C:\Users\ferfo\OneDrive\Escritorio\UNAHUR\Wollok\plugins\org.eclipse.xtext_2.20.0.v20191202-0915.jar;C:\Users\ferfo\OneDrive\Escritorio\UNAHUR\Wollok\plugins\org.eclipse.emf.ecore.xmi_2.16.0.v20190528-0725.jar;C:\Users\ferfo\OneDrive\Escritorio\UNAHUR\Wollok\plugins\org.eclipse.emf.ecore_2.20.0.v20190920-0401.jar;C:\Users\ferfo\OneDrive\Escritorio\UNAHUR\Wollok\plugins\org.eclipse.emf.common_2.17.0.v20190920-0401.jar;C:\Users\ferfo\OneDrive\Escritorio\UNAHUR\Wollok\plugins\org.antlr.runtime_3.2.0.v201101311130.jar;C:\Users\ferfo\OneDrive\Escritorio\UNAHUR\Wollok\plugins\com.google.inject_3.0.0.v201605172100.jar;C:\Users\ferfo\OneDrive\Escritorio\UNAHUR\Wollok\plugins\org.eclipse.emf.mwe.core_1.5.1.v20191121-1148.jar;C:\Users\ferfo\OneDrive\Escritorio\UNAHUR\Wollok\plugins\org.apache.commons.cli_1.2.0.v201404270220.jar;C:\Users\ferfo\OneDrive\Escritorio\UNAHUR\Wollok\plugins\org.eclipse.emf.mwe2.runtime_2.11.1.v20191121-1148.jar;C:\Users\ferfo\OneDrive\Escritorio\UNAHUR\Wollok\plugins\org.eclipse.emf.mwe.utils_1.5.1.v20191121-1148.jar;C:\Users\ferfo\OneDrive\Escritorio\UNAHUR\Wollok\plugins\org.eclipse.xtext.util_2.20.0.v20191202-0915.jar;C:\Users\ferfo\OneDrive\Escritorio\UNAHUR\Wollok\plugins\com.google.guava_27.1.0.v20190517-1946.jar;C:\Users\ferfo\OneDrive\Escritorio\UNAHUR\Wollok\plugins\javax.inject_1.0.0.v20091030.jar;C:\Users\ferfo\OneDrive\Escritorio\UNAHUR\Wollok\plugins\org.eclipse.xtext.generator_2.20.0.v20191202-0933.jar;C:\Users\ferfo\OneDrive\Escritorio\UNAHUR\Wollok\plugins\org.eclipse.xtext.xtext.generator_2.20.0.v20191202-0915.jar;C:\Users\ferfo\OneDrive\Escritorio\UNAHUR\Wollok\plugins\org.eclipse.xtext.xbase.lib_2.20.0.v20191202-0907.jar;C:\Users\ferfo\OneDrive\Escritorio\UNAHUR\Wollok\plugins\org.eclipse.emf.codegen.ecore_2.20.0.v20191012-0918.jar;C:\Users\ferfo\OneDrive\Escrit
Launcher Type: SUN_STANDARD

Environment Variables:
PATH=C:/Program Files/Eclipse Adoptium/jdk-8.0.402.6-hotspot/bin/../jre/bin/server;C:/Program Files/Eclipse Adoptium/jdk-8.0.402.6-hotspot/bin/../jre/bin;C:/Program Files/Eclipse Adoptium/jdk-8.0.402.6-hotspot/bin/../jre/lib/amd64;C:\Program Files\Eclipse Adoptium\jdk-8.0.402.6-hotspot\bin;C:\Windows\system32;C:\Windows;C:\Windows\System32\Wbem;C:\Windows\System32\WindowsPowerShell\v1.0\;C:\Windows\System32\OpenSSH\;C:\Program Files\Git\cmd;C:\Users\ferfo\AppData\Local\Microsoft\WindowsApps;;C:\Users\ferfo\AppData\Local\Programs\Microsoft VS Code\bin;C:\Users\ferfo\OneDrive\Escritorio\UNAHUR\Wollok;
USERNAME=ferfo
OS=Windows_NT
PROCESSOR_IDENTIFIER=AMD64 Family 25 Model 80 Stepping 0, AuthenticAMD



---------------  S Y S T E M  ---------------

OS: Windows 10 , 64 bit Build 19041 (10.0.19041.3636)

CPU:total 12 (initial active 12) (12 cores per cpu, 1 threads per core) family 25 model 80 stepping 0, cmov, cx8, fxsr, mmx, sse, sse2, sse3, ssse3, sse4.1, sse4.2, popcnt, avx, avx2, aes, clmul, erms, mmxext, 3dnowpref, lzcnt, sse4a, tsc, tscinvbit, tscinv, bmi1

Memory: 4k page, physical 16117864k(6682924k free), swap 18608232k(3677252k free)

vm_info: OpenJDK 64-Bit Server VM (25.402-b06) for windows-amd64 JRE (1.8.0_402-b06), built on Jan 16 2024 21:53:06 by "jenkins" with MS VC++ 15.9 (VS2017)

time: Mon Jun 17 19:31:29 2024
timezone: Hora estándar de Argentina
elapsed time: 1.474330 seconds (0d 0h 0m 1s)

